[14:40:24] [Client thread/INFO]: Setting user: Player392
[14:40:26] [Client thread/INFO]: LWJGL Version: 2.9.1
[14:40:29] [Client thread/INFO]: Reloading ResourceManager: Default, FMLFileResourcePack:Forge Mod Loader, FMLFileResourcePack:Minecraft Forge, FMLFileResourcePack:Example Mod
[14:40:29] [Sound Library Loader/INFO]: Starting up SoundSystem...
[14:40:29] [Thread-9/INFO]: Initializing LWJGL OpenAL
[14:40:29] [Thread-9/INFO]: (The LWJGL binding of OpenAL.  For more information, see http://www.lwjgl.org)
[14:40:29] [Thread-9/INFO]: OpenAL initialized.
[14:40:29] [Sound Library Loader/INFO]: Sound engine started
[14:40:31] [Client thread/INFO]: Created: 512x512 textures-atlas
[14:40:31] [Client thread/INFO]: Reloading ResourceManager: Default, FMLFileResourcePack:Forge Mod Loader, FMLFileResourcePack:Minecraft Forge, FMLFileResourcePack:Example Mod
[14:40:31] [Client thread/INFO]: SoundSystem shutting down...
[14:40:32] [Client thread/WARN]: Author: Paul Lamb, www.paulscode.com
[14:40:32] [Sound Library Loader/INFO]: Starting up SoundSystem...
[14:40:32] [Thread-11/INFO]: Initializing LWJGL OpenAL
[14:40:32] [Thread-11/INFO]: (The LWJGL binding of OpenAL.  For more information, see http://www.lwjgl.org)
[14:40:32] [Thread-11/INFO]: OpenAL initialized.
[14:40:32] [Sound Library Loader/INFO]: Sound engine started
[14:40:33] [Client thread/INFO]: Created: 512x512 textures-atlas
[14:41:03] [Server thread/INFO]: Starting integrated minecraft server version 1.8
[14:41:03] [Server thread/INFO]: Generating keypair
